[2016-01-26 08:58:11] production.ERROR: exception 'PDOException' with message 'SQLSTATE[42S02]: Base table or view not found: 1146 Table 'amd_chakaria.users' doesn't exist' in /var/www/cryptomedic/api/v1.0/vendor/laravel/framework/src/Illuminate/Database/Connection.php:321
Stack trace:
#0 /var/www/cryptomedic/api/v1.0/vendor/laravel/framework/src/Illuminate/Database/Connection.php(321): PDOStatement->execute(Array)
#1 /var/www/cryptomedic/api/v1.0/vendor/laravel/framework/src/Illuminate/Database/Connection.php(644): Illuminate\Database\Connection->Illuminate\Database\{closure}(Object(Illuminate\Database\MySqlConnection), 'select * from `...', Array)
#2 /var/www/cryptomedic/api/v1.0/vendor/laravel/framework/src/Illuminate/Database/Connection.php(611): Illuminate\Database\Connection->runQueryCallback('select * from `...', Array, Object(Closure))
#3 /var/www/cryptomedic/api/v1.0/vendor/laravel/framework/src/Illuminate/Database/Connection.php(324): Illuminate\Database\Connection->run('select * from `...', Array, Object(Closure))
#4 /var/www/cryptomedic/api/v1.0/vendor/laravel/framework/src/Illuminate/Database/Query/Builder.php(1406): Illuminate\Database\Connection->select('select * from `...', Array, true)
#5 /var/www/cryptomedic/api/v1.0/vendor/laravel/framework/src/Illuminate/Database/Query/Builder.php(1383): Illuminate\Database\Query\Builder->runSelect()
#6 /var/www/cryptomedic/api/v1.0/vendor/laravel/framework/src/Illuminate/Database/Eloquent/Builder.php(409): Illuminate\Database\Query\Builder->get(Array)
#7 /var/www/cryptomedic/api/v1.0/vendor/laravel/framework/src/Illuminate/Database/Eloquent/Builder.php(168): Illuminate\Database\Eloquent\Builder->getModels(Array)
#8 /var/www/cryptomedic/api/v1.0/vendor/laravel/framework/src/Illuminate/Database/Eloquent/Builder.php(140): Illuminate\Database\Eloquent\Builder->get(Array)
#9 /var/www/cryptomedic/api/v1.0/app/Http/Controllers/Auth/AuthController.php(135): Illuminate\Database\Eloquent\Builder->first()
#10 [internal function]: App\Http\Controllers\Auth\AuthController->postMylogin()
#11 /var/www/cryptomedic/api/v1.0/bootstrap/cache/compiled.php(8836): call_user_func_array(Array, Array)
#12 /var/www/cryptomedic/api/v1.0/bootstrap/cache/compiled.php(8905): Illuminate\Routing\Controller->callAction('postMylogin', Array)
#13 /var/www/cryptomedic/api/v1.0/bootstrap/cache/compiled.php(8885): Illuminate\Routing\ControllerDispatcher->call(Object(App\Http\Controllers\Auth\AuthController), Object(Illuminate\Routing\Route), 'postMylogin')
#14 [internal function]: Illuminate\Routing\ControllerDispatcher->Illuminate\Routing\{closure}(Object(Illuminate\Http\Request))
#15 /var/www/cryptomedic/api/v1.0/bootstrap/cache/compiled.php(9547): call_user_func(Object(Closure), Object(Illuminate\Http\Request))
#16 [internal function]: Illuminate\Pipeline\Pipeline->Illuminate\Pipeline\{closure}(Object(Illuminate\Http\Request))
#17 /var/www/cryptomedic/api/v1.0/bootstrap/cache/compiled.php(9529): call_user_func(Object(Closure), Object(Illuminate\Http\Request))
#18 /var/www/cryptomedic/api/v1.0/bootstrap/cache/compiled.php(8886): Illuminate\Pipeline\Pipeline->then(Object(Closure))
#19 /var/www/cryptomedic/api/v1.0/bootstrap/cache/compiled.php(8871): Illuminate\Routing\ControllerDispatcher->callWithinStack(Object(App\Http\Controllers\Auth\AuthController), Object(Illuminate\Routing\Route), Object(Illuminate\Http\Request), 'postMylogin')
#20 /var/www/cryptomedic/api/v1.0/bootstrap/cache/compiled.php(7825): Illuminate\Routing\ControllerDispatcher->dispatch(Object(Illuminate\Routing\Route), Object(Illuminate\Http\Request), 'App\\Http\\Contro...', 'postMylogin')
#21 /var/www/cryptomedic/api/v1.0/bootstrap/cache/compiled.php(7796): Illuminate\Routing\Route->runWithCustomDispatcher(Object(Illuminate\Http\Request))
#22 /var/www/cryptomedic/api/v1.0/bootstrap/cache/compiled.php(7449): Illuminate\Routing\Route->run(Object(Illuminate\Http\Request))
#23 [internal function]: Illuminate\Routing\Router->Illuminate\Routing\{closure}(Object(Illuminate\Http\Request))
#24 /var/www/cryptomedic/api/v1.0/bootstrap/cache/compiled.php(9547): call_user_func(Object(Closure), Object(Illuminate\Http\Request))
#25 [internal function]: Illuminate\Pipeline\Pipeline->Illuminate\Pipeline\{closure}(Object(Illuminate\Http\Request))
#26 /var/www/cryptomedic/api/v1.0/bootstrap/cache/compiled.php(9529): call_user_func(Object(Closure), Object(Illuminate\Http\Request))
#27 /var/www/cryptomedic/api/v1.0/bootstrap/cache/compiled.php(7450): Illuminate\Pipeline\Pipeline->then(Object(Closure))
#28 /var/www/cryptomedic/api/v1.0/bootstrap/cache/compiled.php(7438): Illuminate\Routing\Router->runRouteWithinStack(Object(Illuminate\Routing\Route), Object(Illuminate\Http\Request))
#29 /var/www/cryptomedic/api/v1.0/bootstrap/cache/compiled.php(7423): Illuminate\Routing\Router->dispatchToRoute(Object(Illuminate\Http\Request))
#30 /var/www/cryptomedic/api/v1.0/bootstrap/cache/compiled.php(2303): Illuminate\Routing\Router->dispatch(Object(Illuminate\Http\Request))
#31 [internal function]: Illuminate\Foundation\Http\Kernel->Illuminate\Foundation\Http\{closure}(Object(Illuminate\Http\Request))
#32 /var/www/cryptomedic/api/v1.0/bootstrap/cache/compiled.php(9547): call_user_func(Object(Closure), Object(Illuminate\Http\Request))
#33 /var/www/cryptomedic/api/v1.0/bootstrap/cache/compiled.php(12867): Illuminate\Pipeline\Pipeline->Illuminate\Pipeline\{closure}(Object(Illuminate\Http\Request))
#34 [internal function]: Illuminate\View\Middleware\ShareErrorsFromSession->handle(Object(Illuminate\Http\Request), Object(Closure))
#35 /var/www/cryptomedic/api/v1.0/bootstrap/cache/compiled.php(9539): call_user_func_array(Array, Array)
#36 /var/www/cryptomedic/api/v1.0/bootstrap/cache/compiled.php(11490): Illuminate\Pipeline\Pipeline->Illuminate\Pipeline\{closure}(Object(Illuminate\Http\Request))
#37 [internal function]: Illuminate\Session\Middleware\StartSession->handle(Object(Illuminate\Http\Request), Object(Closure))
#38 /var/www/cryptomedic/api/v1.0/bootstrap/cache/compiled.php(9539): call_user_func_array(Array, Array)
#39 /var/www/cryptomedic/api/v1.0/bootstrap/cache/compiled.php(12608): Illuminate\Pipeline\Pipeline->Illuminate\Pipeline\{closure}(Object(Illuminate\Http\Request))
#40 [internal function]: Illuminate\Cookie\Middleware\AddQueuedCookiesToResponse->handle(Object(Illuminate\Http\Request), Object(Closure))
#41 /var/www/cryptomedic/api/v1.0/bootstrap/cache/compiled.php(9539): call_user_func_array(Array, Array)
#42 /var/www/cryptomedic/api/v1.0/bootstrap/cache/compiled.php(12547): Illuminate\Pipeline\Pipeline->Illuminate\Pipeline\{closure}(Object(Illuminate\Http\Request))
#43 [internal function]: Illuminate\Cookie\Middleware\EncryptCookies->handle(Object(Illuminate\Http\Request), Object(Closure))
#44 /var/www/cryptomedic/api/v1.0/bootstrap/cache/compiled.php(9539): call_user_func_array(Array, Array)
#45 [internal function]: Illuminate\Pipeline\Pipeline->Illuminate\Pipeline\{closure}(Object(Illuminate\Http\Request))
#46 /var/www/cryptomedic/api/v1.0/bootstrap/cache/compiled.php(9529): call_user_func(Object(Closure), Object(Illuminate\Http\Request))
#47 /var/www/cryptomedic/api/v1.0/bootstrap/cache/compiled.php(2250): Illuminate\Pipeline\Pipeline->then(Object(Closure))
#48 /var/www/cryptomedic/api/v1.0/bootstrap/cache/compiled.php(2233): Illuminate\Foundation\Http\Kernel->sendRequestThroughRouter(Object(Illuminate\Http\Request))
#49 /var/www/cryptomedic/api/v1.0/public/index.php(54): Illuminate\Foundation\Http\Kernel->handle(Object(Illuminate\Http\Request))
#50 /var/www/cryptomedic/tests/router.php(39): require('/var/www/crypto...')
#51 {main}

Next exception 'Illuminate\Database\QueryException' with message 'SQLSTATE[42S02]: Base table or view not found: 1146 Table 'amd_chakaria.users' doesn't exist (SQL: select * from `users` where `username` = readonly limit 1)' in /var/www/cryptomedic/api/v1.0/vendor/laravel/framework/src/Illuminate/Database/Connection.php:651
Stack trace:
#0 /var/www/cryptomedic/api/v1.0/vendor/laravel/framework/src/Illuminate/Database/Connection.php(611): Illuminate\Database\Connection->runQueryCallback('select * from `...', Array, Object(Closure))
#1 /var/www/cryptomedic/api/v1.0/vendor/laravel/framework/src/Illuminate/Database/Connection.php(324): Illuminate\Database\Connection->run('select * from `...', Array, Object(Closure))
#2 /var/www/cryptomedic/api/v1.0/vendor/laravel/framework/src/Illuminate/Database/Query/Builder.php(1406): Illuminate\Database\Connection->select('select * from `...', Array, true)
#3 /var/www/cryptomedic/api/v1.0/vendor/laravel/framework/src/Illuminate/Database/Query/Builder.php(1383): Illuminate\Database\Query\Builder->runSelect()
#4 /var/www/cryptomedic/api/v1.0/vendor/laravel/framework/src/Illuminate/Database/Eloquent/Builder.php(409): Illuminate\Database\Query\Builder->get(Array)
#5 /var/www/cryptomedic/api/v1.0/vendor/laravel/framework/src/Illuminate/Database/Eloquent/Builder.php(168): Illuminate\Database\Eloquent\Builder->getModels(Array)
#6 /var/www/cryptomedic/api/v1.0/vendor/laravel/framework/src/Illuminate/Database/Eloquent/Builder.php(140): Illuminate\Database\Eloquent\Builder->get(Array)
#7 /var/www/cryptomedic/api/v1.0/app/Http/Controllers/Auth/AuthController.php(135): Illuminate\Database\Eloquent\Builder->first()
#8 [internal function]: App\Http\Controllers\Auth\AuthController->postMylogin()
#9 /var/www/cryptomedic/api/v1.0/bootstrap/cache/compiled.php(8836): call_user_func_array(Array, Array)
#10 /var/www/cryptomedic/api/v1.0/bootstrap/cache/compiled.php(8905): Illuminate\Routing\Controller->callAction('postMylogin', Array)
#11 /var/www/cryptomedic/api/v1.0/bootstrap/cache/compiled.php(8885): Illuminate\Routing\ControllerDispatcher->call(Object(App\Http\Controllers\Auth\AuthController), Object(Illuminate\Routing\Route), 'postMylogin')
#12 [internal function]: Illuminate\Routing\ControllerDispatcher->Illuminate\Routing\{closure}(Object(Illuminate\Http\Request))
#13 /var/www/cryptomedic/api/v1.0/bootstrap/cache/compiled.php(9547): call_user_func(Object(Closure), Object(Illuminate\Http\Request))
#14 [internal function]: Illuminate\Pipeline\Pipeline->Illuminate\Pipeline\{closure}(Object(Illuminate\Http\Request))
#15 /var/www/cryptomedic/api/v1.0/bootstrap/cache/compiled.php(9529): call_user_func(Object(Closure), Object(Illuminate\Http\Request))
#16 /var/www/cryptomedic/api/v1.0/bootstrap/cache/compiled.php(8886): Illuminate\Pipeline\Pipeline->then(Object(Closure))
#17 /var/www/cryptomedic/api/v1.0/bootstrap/cache/compiled.php(8871): Illuminate\Routing\ControllerDispatcher->callWithinStack(Object(App\Http\Controllers\Auth\AuthController), Object(Illuminate\Routing\Route), Object(Illuminate\Http\Request), 'postMylogin')
#18 /var/www/cryptomedic/api/v1.0/bootstrap/cache/compiled.php(7825): Illuminate\Routing\ControllerDispatcher->dispatch(Object(Illuminate\Routing\Route), Object(Illuminate\Http\Request), 'App\\Http\\Contro...', 'postMylogin')
#19 /var/www/cryptomedic/api/v1.0/bootstrap/cache/compiled.php(7796): Illuminate\Routing\Route->runWithCustomDispatcher(Object(Illuminate\Http\Request))
#20 /var/www/cryptomedic/api/v1.0/bootstrap/cache/compiled.php(7449): Illuminate\Routing\Route->run(Object(Illuminate\Http\Request))
#21 [internal function]: Illuminate\Routing\Router->Illuminate\Routing\{closure}(Object(Illuminate\Http\Request))
#22 /var/www/cryptomedic/api/v1.0/bootstrap/cache/compiled.php(9547): call_user_func(Object(Closure), Object(Illuminate\Http\Request))
#23 [internal function]: Illuminate\Pipeline\Pipeline->Illuminate\Pipeline\{closure}(Object(Illuminate\Http\Request))
#24 /var/www/cryptomedic/api/v1.0/bootstrap/cache/compiled.php(9529): call_user_func(Object(Closure), Object(Illuminate\Http\Request))
#25 /var/www/cryptomedic/api/v1.0/bootstrap/cache/compiled.php(7450): Illuminate\Pipeline\Pipeline->then(Object(Closure))
#26 /var/www/cryptomedic/api/v1.0/bootstrap/cache/compiled.php(7438): Illuminate\Routing\Router->runRouteWithinStack(Object(Illuminate\Routing\Route), Object(Illuminate\Http\Request))
#27 /var/www/cryptomedic/api/v1.0/bootstrap/cache/compiled.php(7423): Illuminate\Routing\Router->dispatchToRoute(Object(Illuminate\Http\Request))
#28 /var/www/cryptomedic/api/v1.0/bootstrap/cache/compiled.php(2303): Illuminate\Routing\Router->dispatch(Object(Illuminate\Http\Request))
#29 [internal function]: Illuminate\Foundation\Http\Kernel->Illuminate\Foundation\Http\{closure}(Object(Illuminate\Http\Request))
#30 /var/www/cryptomedic/api/v1.0/bootstrap/cache/compiled.php(9547): call_user_func(Object(Closure), Object(Illuminate\Http\Request))
#31 /var/www/cryptomedic/api/v1.0/bootstrap/cache/compiled.php(12867): Illuminate\Pipeline\Pipeline->Illuminate\Pipeline\{closure}(Object(Illuminate\Http\Request))
#32 [internal function]: Illuminate\View\Middleware\ShareErrorsFromSession->handle(Object(Illuminate\Http\Request), Object(Closure))
#33 /var/www/cryptomedic/api/v1.0/bootstrap/cache/compiled.php(9539): call_user_func_array(Array, Array)
#34 /var/www/cryptomedic/api/v1.0/bootstrap/cache/compiled.php(11490): Illuminate\Pipeline\Pipeline->Illuminate\Pipeline\{closure}(Object(Illuminate\Http\Request))
#35 [internal function]: Illuminate\Session\Middleware\StartSession->handle(Object(Illuminate\Http\Request), Object(Closure))
#36 /var/www/cryptomedic/api/v1.0/bootstrap/cache/compiled.php(9539): call_user_func_array(Array, Array)
#37 /var/www/cryptomedic/api/v1.0/bootstrap/cache/compiled.php(12608): Illuminate\Pipeline\Pipeline->Illuminate\Pipeline\{closure}(Object(Illuminate\Http\Request))
#38 [internal function]: Illuminate\Cookie\Middleware\AddQueuedCookiesToResponse->handle(Object(Illuminate\Http\Request), Object(Closure))
#39 /var/www/cryptomedic/api/v1.0/bootstrap/cache/compiled.php(9539): call_user_func_array(Array, Array)
#40 /var/www/cryptomedic/api/v1.0/bootstrap/cache/compiled.php(12547): Illuminate\Pipeline\Pipeline->Illuminate\Pipeline\{closure}(Object(Illuminate\Http\Request))
#41 [internal function]: Illuminate\Cookie\Middleware\EncryptCookies->handle(Object(Illuminate\Http\Request), Object(Closure))
#42 /var/www/cryptomedic/api/v1.0/bootstrap/cache/compiled.php(9539): call_user_func_array(Array, Array)
#43 [internal function]: Illuminate\Pipeline\Pipeline->Illuminate\Pipeline\{closure}(Object(Illuminate\Http\Request))
#44 /var/www/cryptomedic/api/v1.0/bootstrap/cache/compiled.php(9529): call_user_func(Object(Closure), Object(Illuminate\Http\Request))
#45 /var/www/cryptomedic/api/v1.0/bootstrap/cache/compiled.php(2250): Illuminate\Pipeline\Pipeline->then(Object(Closure))
#46 /var/www/cryptomedic/api/v1.0/bootstrap/cache/compiled.php(2233): Illuminate\Foundation\Http\Kernel->sendRequestThroughRouter(Object(Illuminate\Http\Request))
#47 /var/www/cryptomedic/api/v1.0/public/index.php(54): Illuminate\Foundation\Http\Kernel->handle(Object(Illuminate\Http\Request))
#48 /var/www/cryptomedic/tests/router.php(39): require('/var/www/crypto...')
#49 {main}  
