[2016-01-14 06:56:59] production.ERROR: exception 'Symfony\Component\Debug\Exception\FatalErrorException' with message 'Class '\App\undefined' not found' in /var/www/cryptomedic/api/v1.0/app/Http/Controllers/ModelController.php:74
Stack trace:
#0 /var/www/cryptomedic/api/v1.0/bootstrap/cache/compiled.php(2088): Symfony\Component\Debug\Exception\FatalErrorException->__construct()
#1 /var/www/cryptomedic/api/v1.0/bootstrap/cache/compiled.php(2083): Illuminate\Foundation\Bootstrap\HandleExceptions->fatalExceptionFromError()
#2 /var/www/cryptomedic/api/v1.0/bootstrap/cache/compiled.php(0): Illuminate\Foundation\Bootstrap\HandleExceptions->handleShutdown()
#3 /var/www/cryptomedic/api/v1.0/bootstrap/cache/compiled.php(8836): App\Http\Controllers\ModelController->store()
#4 /var/www/cryptomedic/api/v1.0/bootstrap/cache/compiled.php(8836): call_user_func_array:{/var/www/cryptomedic/api/v1.0/bootstrap/cache/compiled.php:8836}()
#5 /var/www/cryptomedic/api/v1.0/bootstrap/cache/compiled.php(8905): Illuminate\Routing\Controller->callAction()
#6 /var/www/cryptomedic/api/v1.0/bootstrap/cache/compiled.php(8885): Illuminate\Routing\ControllerDispatcher->call()
#7 /var/www/cryptomedic/api/v1.0/bootstrap/cache/compiled.php(9547): Illuminate\Routing\ControllerDispatcher->Illuminate\Routing\{closure}()
#8 /var/www/cryptomedic/api/v1.0/bootstrap/cache/compiled.php(9547): call_user_func:{/var/www/cryptomedic/api/v1.0/bootstrap/cache/compiled.php:9547}()
#9 /var/www/cryptomedic/api/v1.0/bootstrap/cache/compiled.php(9529): Illuminate\Pipeline\Pipeline->Illuminate\Pipeline\{closure}()
#10 /var/www/cryptomedic/api/v1.0/bootstrap/cache/compiled.php(9529): call_user_func:{/var/www/cryptomedic/api/v1.0/bootstrap/cache/compiled.php:9529}()
#11 /var/www/cryptomedic/api/v1.0/bootstrap/cache/compiled.php(8886): Illuminate\Pipeline\Pipeline->then()
#12 /var/www/cryptomedic/api/v1.0/bootstrap/cache/compiled.php(8871): Illuminate\Routing\ControllerDispatcher->callWithinStack()
#13 /var/www/cryptomedic/api/v1.0/bootstrap/cache/compiled.php(7825): Illuminate\Routing\ControllerDispatcher->dispatch()
#14 /var/www/cryptomedic/api/v1.0/bootstrap/cache/compiled.php(7796): Illuminate\Routing\Route->runWithCustomDispatcher()
#15 /var/www/cryptomedic/api/v1.0/bootstrap/cache/compiled.php(7449): Illuminate\Routing\Route->run()
#16 /var/www/cryptomedic/api/v1.0/bootstrap/cache/compiled.php(9547): Illuminate\Routing\Router->Illuminate\Routing\{closure}()
#17 /var/www/cryptomedic/api/v1.0/bootstrap/cache/compiled.php(9547): call_user_func:{/var/www/cryptomedic/api/v1.0/bootstrap/cache/compiled.php:9547}()
#18 /var/www/cryptomedic/api/v1.0/app/Http/Middleware/HasPermission.php(23): Illuminate\Pipeline\Pipeline->Illuminate\Pipeline\{closure}()
#19 /var/www/cryptomedic/api/v1.0/bootstrap/cache/compiled.php(9539): App\Http\Middleware\HasPermission->handle()
#20 /var/www/cryptomedic/api/v1.0/bootstrap/cache/compiled.php(9539): call_user_func_array:{/var/www/cryptomedic/api/v1.0/bootstrap/cache/compiled.php:9539}()
#21 /var/www/cryptomedic/api/v1.0/app/Http/Middleware/Authenticated.php(46): Illuminate\Pipeline\Pipeline->Illuminate\Pipeline\{closure}()
#22 /var/www/cryptomedic/api/v1.0/bootstrap/cache/compiled.php(9539): App\Http\Middleware\Authenticated->handle()
#23 /var/www/cryptomedic/api/v1.0/bootstrap/cache/compiled.php(9539): call_user_func_array:{/var/www/cryptomedic/api/v1.0/bootstrap/cache/compiled.php:9539}()
#24 /var/www/cryptomedic/api/v1.0/bootstrap/cache/compiled.php(9529): Illuminate\Pipeline\Pipeline->Illuminate\Pipeline\{closure}()
#25 /var/www/cryptomedic/api/v1.0/bootstrap/cache/compiled.php(9529): call_user_func:{/var/www/cryptomedic/api/v1.0/bootstrap/cache/compiled.php:9529}()
#26 /var/www/cryptomedic/api/v1.0/bootstrap/cache/compiled.php(7450): Illuminate\Pipeline\Pipeline->then()
#27 /var/www/cryptomedic/api/v1.0/bootstrap/cache/compiled.php(7438): Illuminate\Routing\Router->runRouteWithinStack()
#28 /var/www/cryptomedic/api/v1.0/bootstrap/cache/compiled.php(7423): Illuminate\Routing\Router->dispatchToRoute()
#29 /var/www/cryptomedic/api/v1.0/bootstrap/cache/compiled.php(2303): Illuminate\Routing\Router->dispatch()
#30 /var/www/cryptomedic/api/v1.0/bootstrap/cache/compiled.php(9547): Illuminate\Foundation\Http\Kernel->Illuminate\Foundation\Http\{closure}()
#31 /var/www/cryptomedic/api/v1.0/bootstrap/cache/compiled.php(9547): call_user_func:{/var/www/cryptomedic/api/v1.0/bootstrap/cache/compiled.php:9547}()
#32 /var/www/cryptomedic/api/v1.0/bootstrap/cache/compiled.php(12867): Illuminate\Pipeline\Pipeline->Illuminate\Pipeline\{closure}()
#33 /var/www/cryptomedic/api/v1.0/bootstrap/cache/compiled.php(9539): Illuminate\View\Middleware\ShareErrorsFromSession->handle()
#34 /var/www/cryptomedic/api/v1.0/bootstrap/cache/compiled.php(9539): call_user_func_array:{/var/www/cryptomedic/api/v1.0/bootstrap/cache/compiled.php:9539}()
#35 /var/www/cryptomedic/api/v1.0/bootstrap/cache/compiled.php(11490): Illuminate\Pipeline\Pipeline->Illuminate\Pipeline\{closure}()
#36 /var/www/cryptomedic/api/v1.0/bootstrap/cache/compiled.php(9539): Illuminate\Session\Middleware\StartSession->handle()
#37 /var/www/cryptomedic/api/v1.0/bootstrap/cache/compiled.php(9539): call_user_func_array:{/var/www/cryptomedic/api/v1.0/bootstrap/cache/compiled.php:9539}()
#38 /var/www/cryptomedic/api/v1.0/bootstrap/cache/compiled.php(12608): Illuminate\Pipeline\Pipeline->Illuminate\Pipeline\{closure}()
#39 /var/www/cryptomedic/api/v1.0/bootstrap/cache/compiled.php(9539): Illuminate\Cookie\Middleware\AddQueuedCookiesToResponse->handle()
#40 /var/www/cryptomedic/api/v1.0/bootstrap/cache/compiled.php(9539): call_user_func_array:{/var/www/cryptomedic/api/v1.0/bootstrap/cache/compiled.php:9539}()
#41 /var/www/cryptomedic/api/v1.0/bootstrap/cache/compiled.php(12547): Illuminate\Pipeline\Pipeline->Illuminate\Pipeline\{closure}()
#42 /var/www/cryptomedic/api/v1.0/bootstrap/cache/compiled.php(9539): Illuminate\Cookie\Middleware\EncryptCookies->handle()
#43 /var/www/cryptomedic/api/v1.0/bootstrap/cache/compiled.php(9539): call_user_func_array:{/var/www/cryptomedic/api/v1.0/bootstrap/cache/compiled.php:9539}()
#44 /var/www/cryptomedic/api/v1.0/bootstrap/cache/compiled.php(9529): Illuminate\Pipeline\Pipeline->Illuminate\Pipeline\{closure}()
#45 /var/www/cryptomedic/api/v1.0/bootstrap/cache/compiled.php(9529): call_user_func:{/var/www/cryptomedic/api/v1.0/bootstrap/cache/compiled.php:9529}()
#46 /var/www/cryptomedic/api/v1.0/bootstrap/cache/compiled.php(2250): Illuminate\Pipeline\Pipeline->then()
#47 /var/www/cryptomedic/api/v1.0/bootstrap/cache/compiled.php(2233): Illuminate\Foundation\Http\Kernel->sendRequestThroughRouter()
#48 /var/www/cryptomedic/api/v1.0/public/index.php(54): Illuminate\Foundation\Http\Kernel->handle()
#49 /var/www/cryptomedic/tests/router.php(39): ()
#50 /var/www/cryptomedic/tests/router.php(0): {main}()
#51 {main}  
[2016-01-14 07:10:21] production.ERROR: exception 'Symfony\Component\Debug\Exception\FatalErrorException' with message 'Class '\App\undefined' not found' in /var/www/cryptomedic/api/v1.0/app/Http/Controllers/ModelController.php:74
Stack trace:
#0 /var/www/cryptomedic/api/v1.0/bootstrap/cache/compiled.php(2088): Symfony\Component\Debug\Exception\FatalErrorException->__construct()
#1 /var/www/cryptomedic/api/v1.0/bootstrap/cache/compiled.php(2083): Illuminate\Foundation\Bootstrap\HandleExceptions->fatalExceptionFromError()
#2 /var/www/cryptomedic/api/v1.0/bootstrap/cache/compiled.php(0): Illuminate\Foundation\Bootstrap\HandleExceptions->handleShutdown()
#3 /var/www/cryptomedic/api/v1.0/bootstrap/cache/compiled.php(8836): App\Http\Controllers\ModelController->store()
#4 /var/www/cryptomedic/api/v1.0/bootstrap/cache/compiled.php(8836): call_user_func_array:{/var/www/cryptomedic/api/v1.0/bootstrap/cache/compiled.php:8836}()
#5 /var/www/cryptomedic/api/v1.0/bootstrap/cache/compiled.php(8905): Illuminate\Routing\Controller->callAction()
#6 /var/www/cryptomedic/api/v1.0/bootstrap/cache/compiled.php(8885): Illuminate\Routing\ControllerDispatcher->call()
#7 /var/www/cryptomedic/api/v1.0/bootstrap/cache/compiled.php(9547): Illuminate\Routing\ControllerDispatcher->Illuminate\Routing\{closure}()
#8 /var/www/cryptomedic/api/v1.0/bootstrap/cache/compiled.php(9547): call_user_func:{/var/www/cryptomedic/api/v1.0/bootstrap/cache/compiled.php:9547}()
#9 /var/www/cryptomedic/api/v1.0/bootstrap/cache/compiled.php(9529): Illuminate\Pipeline\Pipeline->Illuminate\Pipeline\{closure}()
#10 /var/www/cryptomedic/api/v1.0/bootstrap/cache/compiled.php(9529): call_user_func:{/var/www/cryptomedic/api/v1.0/bootstrap/cache/compiled.php:9529}()
#11 /var/www/cryptomedic/api/v1.0/bootstrap/cache/compiled.php(8886): Illuminate\Pipeline\Pipeline->then()
#12 /var/www/cryptomedic/api/v1.0/bootstrap/cache/compiled.php(8871): Illuminate\Routing\ControllerDispatcher->callWithinStack()
#13 /var/www/cryptomedic/api/v1.0/bootstrap/cache/compiled.php(7825): Illuminate\Routing\ControllerDispatcher->dispatch()
#14 /var/www/cryptomedic/api/v1.0/bootstrap/cache/compiled.php(7796): Illuminate\Routing\Route->runWithCustomDispatcher()
#15 /var/www/cryptomedic/api/v1.0/bootstrap/cache/compiled.php(7449): Illuminate\Routing\Route->run()
#16 /var/www/cryptomedic/api/v1.0/bootstrap/cache/compiled.php(9547): Illuminate\Routing\Router->Illuminate\Routing\{closure}()
#17 /var/www/cryptomedic/api/v1.0/bootstrap/cache/compiled.php(9547): call_user_func:{/var/www/cryptomedic/api/v1.0/bootstrap/cache/compiled.php:9547}()
#18 /var/www/cryptomedic/api/v1.0/app/Http/Middleware/HasPermission.php(23): Illuminate\Pipeline\Pipeline->Illuminate\Pipeline\{closure}()
#19 /var/www/cryptomedic/api/v1.0/bootstrap/cache/compiled.php(9539): App\Http\Middleware\HasPermission->handle()
#20 /var/www/cryptomedic/api/v1.0/bootstrap/cache/compiled.php(9539): call_user_func_array:{/var/www/cryptomedic/api/v1.0/bootstrap/cache/compiled.php:9539}()
#21 /var/www/cryptomedic/api/v1.0/app/Http/Middleware/Authenticated.php(46): Illuminate\Pipeline\Pipeline->Illuminate\Pipeline\{closure}()
#22 /var/www/cryptomedic/api/v1.0/bootstrap/cache/compiled.php(9539): App\Http\Middleware\Authenticated->handle()
#23 /var/www/cryptomedic/api/v1.0/bootstrap/cache/compiled.php(9539): call_user_func_array:{/var/www/cryptomedic/api/v1.0/bootstrap/cache/compiled.php:9539}()
#24 /var/www/cryptomedic/api/v1.0/bootstrap/cache/compiled.php(9529): Illuminate\Pipeline\Pipeline->Illuminate\Pipeline\{closure}()
#25 /var/www/cryptomedic/api/v1.0/bootstrap/cache/compiled.php(9529): call_user_func:{/var/www/cryptomedic/api/v1.0/bootstrap/cache/compiled.php:9529}()
#26 /var/www/cryptomedic/api/v1.0/bootstrap/cache/compiled.php(7450): Illuminate\Pipeline\Pipeline->then()
#27 /var/www/cryptomedic/api/v1.0/bootstrap/cache/compiled.php(7438): Illuminate\Routing\Router->runRouteWithinStack()
#28 /var/www/cryptomedic/api/v1.0/bootstrap/cache/compiled.php(7423): Illuminate\Routing\Router->dispatchToRoute()
#29 /var/www/cryptomedic/api/v1.0/bootstrap/cache/compiled.php(2303): Illuminate\Routing\Router->dispatch()
#30 /var/www/cryptomedic/api/v1.0/bootstrap/cache/compiled.php(9547): Illuminate\Foundation\Http\Kernel->Illuminate\Foundation\Http\{closure}()
#31 /var/www/cryptomedic/api/v1.0/bootstrap/cache/compiled.php(9547): call_user_func:{/var/www/cryptomedic/api/v1.0/bootstrap/cache/compiled.php:9547}()
#32 /var/www/cryptomedic/api/v1.0/bootstrap/cache/compiled.php(12867): Illuminate\Pipeline\Pipeline->Illuminate\Pipeline\{closure}()
#33 /var/www/cryptomedic/api/v1.0/bootstrap/cache/compiled.php(9539): Illuminate\View\Middleware\ShareErrorsFromSession->handle()
#34 /var/www/cryptomedic/api/v1.0/bootstrap/cache/compiled.php(9539): call_user_func_array:{/var/www/cryptomedic/api/v1.0/bootstrap/cache/compiled.php:9539}()
#35 /var/www/cryptomedic/api/v1.0/bootstrap/cache/compiled.php(11490): Illuminate\Pipeline\Pipeline->Illuminate\Pipeline\{closure}()
#36 /var/www/cryptomedic/api/v1.0/bootstrap/cache/compiled.php(9539): Illuminate\Session\Middleware\StartSession->handle()
#37 /var/www/cryptomedic/api/v1.0/bootstrap/cache/compiled.php(9539): call_user_func_array:{/var/www/cryptomedic/api/v1.0/bootstrap/cache/compiled.php:9539}()
#38 /var/www/cryptomedic/api/v1.0/bootstrap/cache/compiled.php(12608): Illuminate\Pipeline\Pipeline->Illuminate\Pipeline\{closure}()
#39 /var/www/cryptomedic/api/v1.0/bootstrap/cache/compiled.php(9539): Illuminate\Cookie\Middleware\AddQueuedCookiesToResponse->handle()
#40 /var/www/cryptomedic/api/v1.0/bootstrap/cache/compiled.php(9539): call_user_func_array:{/var/www/cryptomedic/api/v1.0/bootstrap/cache/compiled.php:9539}()
#41 /var/www/cryptomedic/api/v1.0/bootstrap/cache/compiled.php(12547): Illuminate\Pipeline\Pipeline->Illuminate\Pipeline\{closure}()
#42 /var/www/cryptomedic/api/v1.0/bootstrap/cache/compiled.php(9539): Illuminate\Cookie\Middleware\EncryptCookies->handle()
#43 /var/www/cryptomedic/api/v1.0/bootstrap/cache/compiled.php(9539): call_user_func_array:{/var/www/cryptomedic/api/v1.0/bootstrap/cache/compiled.php:9539}()
#44 /var/www/cryptomedic/api/v1.0/bootstrap/cache/compiled.php(9529): Illuminate\Pipeline\Pipeline->Illuminate\Pipeline\{closure}()
#45 /var/www/cryptomedic/api/v1.0/bootstrap/cache/compiled.php(9529): call_user_func:{/var/www/cryptomedic/api/v1.0/bootstrap/cache/compiled.php:9529}()
#46 /var/www/cryptomedic/api/v1.0/bootstrap/cache/compiled.php(2250): Illuminate\Pipeline\Pipeline->then()
#47 /var/www/cryptomedic/api/v1.0/bootstrap/cache/compiled.php(2233): Illuminate\Foundation\Http\Kernel->sendRequestThroughRouter()
#48 /var/www/cryptomedic/api/v1.0/public/index.php(54): Illuminate\Foundation\Http\Kernel->handle()
#49 /var/www/cryptomedic/api/v1.0/public/index.php(0): {main}()
#50 {main}  
[2016-01-14 07:14:12] production.ERROR: exception 'Symfony\Component\Debug\Exception\FatalErrorException' with message 'Class '\App\undefined' not found' in /var/www/cryptomedic/api/v1.0/app/Http/Controllers/ModelController.php:74
Stack trace:
#0 /var/www/cryptomedic/api/v1.0/bootstrap/cache/compiled.php(2088): Symfony\Component\Debug\Exception\FatalErrorException->__construct()
#1 /var/www/cryptomedic/api/v1.0/bootstrap/cache/compiled.php(2083): Illuminate\Foundation\Bootstrap\HandleExceptions->fatalExceptionFromError()
#2 /var/www/cryptomedic/api/v1.0/bootstrap/cache/compiled.php(0): Illuminate\Foundation\Bootstrap\HandleExceptions->handleShutdown()
#3 /var/www/cryptomedic/api/v1.0/bootstrap/cache/compiled.php(8836): App\Http\Controllers\ModelController->store()
#4 /var/www/cryptomedic/api/v1.0/bootstrap/cache/compiled.php(8836): call_user_func_array:{/var/www/cryptomedic/api/v1.0/bootstrap/cache/compiled.php:8836}()
#5 /var/www/cryptomedic/api/v1.0/bootstrap/cache/compiled.php(8905): Illuminate\Routing\Controller->callAction()
#6 /var/www/cryptomedic/api/v1.0/bootstrap/cache/compiled.php(8885): Illuminate\Routing\ControllerDispatcher->call()
#7 /var/www/cryptomedic/api/v1.0/bootstrap/cache/compiled.php(9547): Illuminate\Routing\ControllerDispatcher->Illuminate\Routing\{closure}()
#8 /var/www/cryptomedic/api/v1.0/bootstrap/cache/compiled.php(9547): call_user_func:{/var/www/cryptomedic/api/v1.0/bootstrap/cache/compiled.php:9547}()
#9 /var/www/cryptomedic/api/v1.0/bootstrap/cache/compiled.php(9529): Illuminate\Pipeline\Pipeline->Illuminate\Pipeline\{closure}()
#10 /var/www/cryptomedic/api/v1.0/bootstrap/cache/compiled.php(9529): call_user_func:{/var/www/cryptomedic/api/v1.0/bootstrap/cache/compiled.php:9529}()
#11 /var/www/cryptomedic/api/v1.0/bootstrap/cache/compiled.php(8886): Illuminate\Pipeline\Pipeline->then()
#12 /var/www/cryptomedic/api/v1.0/bootstrap/cache/compiled.php(8871): Illuminate\Routing\ControllerDispatcher->callWithinStack()
#13 /var/www/cryptomedic/api/v1.0/bootstrap/cache/compiled.php(7825): Illuminate\Routing\ControllerDispatcher->dispatch()
#14 /var/www/cryptomedic/api/v1.0/bootstrap/cache/compiled.php(7796): Illuminate\Routing\Route->runWithCustomDispatcher()
#15 /var/www/cryptomedic/api/v1.0/bootstrap/cache/compiled.php(7449): Illuminate\Routing\Route->run()
#16 /var/www/cryptomedic/api/v1.0/bootstrap/cache/compiled.php(9547): Illuminate\Routing\Router->Illuminate\Routing\{closure}()
#17 /var/www/cryptomedic/api/v1.0/bootstrap/cache/compiled.php(9547): call_user_func:{/var/www/cryptomedic/api/v1.0/bootstrap/cache/compiled.php:9547}()
#18 /var/www/cryptomedic/api/v1.0/app/Http/Middleware/HasPermission.php(23): Illuminate\Pipeline\Pipeline->Illuminate\Pipeline\{closure}()
#19 /var/www/cryptomedic/api/v1.0/bootstrap/cache/compiled.php(9539): App\Http\Middleware\HasPermission->handle()
#20 /var/www/cryptomedic/api/v1.0/bootstrap/cache/compiled.php(9539): call_user_func_array:{/var/www/cryptomedic/api/v1.0/bootstrap/cache/compiled.php:9539}()
#21 /var/www/cryptomedic/api/v1.0/app/Http/Middleware/Authenticated.php(46): Illuminate\Pipeline\Pipeline->Illuminate\Pipeline\{closure}()
#22 /var/www/cryptomedic/api/v1.0/bootstrap/cache/compiled.php(9539): App\Http\Middleware\Authenticated->handle()
#23 /var/www/cryptomedic/api/v1.0/bootstrap/cache/compiled.php(9539): call_user_func_array:{/var/www/cryptomedic/api/v1.0/bootstrap/cache/compiled.php:9539}()
#24 /var/www/cryptomedic/api/v1.0/bootstrap/cache/compiled.php(9529): Illuminate\Pipeline\Pipeline->Illuminate\Pipeline\{closure}()
#25 /var/www/cryptomedic/api/v1.0/bootstrap/cache/compiled.php(9529): call_user_func:{/var/www/cryptomedic/api/v1.0/bootstrap/cache/compiled.php:9529}()
#26 /var/www/cryptomedic/api/v1.0/bootstrap/cache/compiled.php(7450): Illuminate\Pipeline\Pipeline->then()
#27 /var/www/cryptomedic/api/v1.0/bootstrap/cache/compiled.php(7438): Illuminate\Routing\Router->runRouteWithinStack()
#28 /var/www/cryptomedic/api/v1.0/bootstrap/cache/compiled.php(7423): Illuminate\Routing\Router->dispatchToRoute()
#29 /var/www/cryptomedic/api/v1.0/bootstrap/cache/compiled.php(2303): Illuminate\Routing\Router->dispatch()
#30 /var/www/cryptomedic/api/v1.0/bootstrap/cache/compiled.php(9547): Illuminate\Foundation\Http\Kernel->Illuminate\Foundation\Http\{closure}()
#31 /var/www/cryptomedic/api/v1.0/bootstrap/cache/compiled.php(9547): call_user_func:{/var/www/cryptomedic/api/v1.0/bootstrap/cache/compiled.php:9547}()
#32 /var/www/cryptomedic/api/v1.0/bootstrap/cache/compiled.php(12867): Illuminate\Pipeline\Pipeline->Illuminate\Pipeline\{closure}()
#33 /var/www/cryptomedic/api/v1.0/bootstrap/cache/compiled.php(9539): Illuminate\View\Middleware\ShareErrorsFromSession->handle()
#34 /var/www/cryptomedic/api/v1.0/bootstrap/cache/compiled.php(9539): call_user_func_array:{/var/www/cryptomedic/api/v1.0/bootstrap/cache/compiled.php:9539}()
#35 /var/www/cryptomedic/api/v1.0/bootstrap/cache/compiled.php(11490): Illuminate\Pipeline\Pipeline->Illuminate\Pipeline\{closure}()
#36 /var/www/cryptomedic/api/v1.0/bootstrap/cache/compiled.php(9539): Illuminate\Session\Middleware\StartSession->handle()
#37 /var/www/cryptomedic/api/v1.0/bootstrap/cache/compiled.php(9539): call_user_func_array:{/var/www/cryptomedic/api/v1.0/bootstrap/cache/compiled.php:9539}()
#38 /var/www/cryptomedic/api/v1.0/bootstrap/cache/compiled.php(12608): Illuminate\Pipeline\Pipeline->Illuminate\Pipeline\{closure}()
#39 /var/www/cryptomedic/api/v1.0/bootstrap/cache/compiled.php(9539): Illuminate\Cookie\Middleware\AddQueuedCookiesToResponse->handle()
#40 /var/www/cryptomedic/api/v1.0/bootstrap/cache/compiled.php(9539): call_user_func_array:{/var/www/cryptomedic/api/v1.0/bootstrap/cache/compiled.php:9539}()
#41 /var/www/cryptomedic/api/v1.0/bootstrap/cache/compiled.php(12547): Illuminate\Pipeline\Pipeline->Illuminate\Pipeline\{closure}()
#42 /var/www/cryptomedic/api/v1.0/bootstrap/cache/compiled.php(9539): Illuminate\Cookie\Middleware\EncryptCookies->handle()
#43 /var/www/cryptomedic/api/v1.0/bootstrap/cache/compiled.php(9539): call_user_func_array:{/var/www/cryptomedic/api/v1.0/bootstrap/cache/compiled.php:9539}()
#44 /var/www/cryptomedic/api/v1.0/bootstrap/cache/compiled.php(9529): Illuminate\Pipeline\Pipeline->Illuminate\Pipeline\{closure}()
#45 /var/www/cryptomedic/api/v1.0/bootstrap/cache/compiled.php(9529): call_user_func:{/var/www/cryptomedic/api/v1.0/bootstrap/cache/compiled.php:9529}()
#46 /var/www/cryptomedic/api/v1.0/bootstrap/cache/compiled.php(2250): Illuminate\Pipeline\Pipeline->then()
#47 /var/www/cryptomedic/api/v1.0/bootstrap/cache/compiled.php(2233): Illuminate\Foundation\Http\Kernel->sendRequestThroughRouter()
#48 /var/www/cryptomedic/api/v1.0/public/index.php(54): Illuminate\Foundation\Http\Kernel->handle()
#49 /var/www/cryptomedic/api/v1.0/public/index.php(0): {main}()
#50 {main}  
[2016-01-14 07:14:44] production.ERROR: exception 'Symfony\Component\Debug\Exception\FatalErrorException' with message 'Class '\App\undefined' not found' in /var/www/cryptomedic/api/v1.0/app/Http/Controllers/ModelController.php:74
Stack trace:
#0 /var/www/cryptomedic/api/v1.0/bootstrap/cache/compiled.php(2088): Symfony\Component\Debug\Exception\FatalErrorException->__construct()
#1 /var/www/cryptomedic/api/v1.0/bootstrap/cache/compiled.php(2083): Illuminate\Foundation\Bootstrap\HandleExceptions->fatalExceptionFromError()
#2 /var/www/cryptomedic/api/v1.0/bootstrap/cache/compiled.php(0): Illuminate\Foundation\Bootstrap\HandleExceptions->handleShutdown()
#3 /var/www/cryptomedic/api/v1.0/bootstrap/cache/compiled.php(8836): App\Http\Controllers\ModelController->store()
#4 /var/www/cryptomedic/api/v1.0/bootstrap/cache/compiled.php(8836): call_user_func_array:{/var/www/cryptomedic/api/v1.0/bootstrap/cache/compiled.php:8836}()
#5 /var/www/cryptomedic/api/v1.0/bootstrap/cache/compiled.php(8905): Illuminate\Routing\Controller->callAction()
#6 /var/www/cryptomedic/api/v1.0/bootstrap/cache/compiled.php(8885): Illuminate\Routing\ControllerDispatcher->call()
#7 /var/www/cryptomedic/api/v1.0/bootstrap/cache/compiled.php(9547): Illuminate\Routing\ControllerDispatcher->Illuminate\Routing\{closure}()
#8 /var/www/cryptomedic/api/v1.0/bootstrap/cache/compiled.php(9547): call_user_func:{/var/www/cryptomedic/api/v1.0/bootstrap/cache/compiled.php:9547}()
#9 /var/www/cryptomedic/api/v1.0/bootstrap/cache/compiled.php(9529): Illuminate\Pipeline\Pipeline->Illuminate\Pipeline\{closure}()
#10 /var/www/cryptomedic/api/v1.0/bootstrap/cache/compiled.php(9529): call_user_func:{/var/www/cryptomedic/api/v1.0/bootstrap/cache/compiled.php:9529}()
#11 /var/www/cryptomedic/api/v1.0/bootstrap/cache/compiled.php(8886): Illuminate\Pipeline\Pipeline->then()
#12 /var/www/cryptomedic/api/v1.0/bootstrap/cache/compiled.php(8871): Illuminate\Routing\ControllerDispatcher->callWithinStack()
#13 /var/www/cryptomedic/api/v1.0/bootstrap/cache/compiled.php(7825): Illuminate\Routing\ControllerDispatcher->dispatch()
#14 /var/www/cryptomedic/api/v1.0/bootstrap/cache/compiled.php(7796): Illuminate\Routing\Route->runWithCustomDispatcher()
#15 /var/www/cryptomedic/api/v1.0/bootstrap/cache/compiled.php(7449): Illuminate\Routing\Route->run()
#16 /var/www/cryptomedic/api/v1.0/bootstrap/cache/compiled.php(9547): Illuminate\Routing\Router->Illuminate\Routing\{closure}()
#17 /var/www/cryptomedic/api/v1.0/bootstrap/cache/compiled.php(9547): call_user_func:{/var/www/cryptomedic/api/v1.0/bootstrap/cache/compiled.php:9547}()
#18 /var/www/cryptomedic/api/v1.0/app/Http/Middleware/HasPermission.php(23): Illuminate\Pipeline\Pipeline->Illuminate\Pipeline\{closure}()
#19 /var/www/cryptomedic/api/v1.0/bootstrap/cache/compiled.php(9539): App\Http\Middleware\HasPermission->handle()
#20 /var/www/cryptomedic/api/v1.0/bootstrap/cache/compiled.php(9539): call_user_func_array:{/var/www/cryptomedic/api/v1.0/bootstrap/cache/compiled.php:9539}()
#21 /var/www/cryptomedic/api/v1.0/app/Http/Middleware/Authenticated.php(46): Illuminate\Pipeline\Pipeline->Illuminate\Pipeline\{closure}()
#22 /var/www/cryptomedic/api/v1.0/bootstrap/cache/compiled.php(9539): App\Http\Middleware\Authenticated->handle()
#23 /var/www/cryptomedic/api/v1.0/bootstrap/cache/compiled.php(9539): call_user_func_array:{/var/www/cryptomedic/api/v1.0/bootstrap/cache/compiled.php:9539}()
#24 /var/www/cryptomedic/api/v1.0/bootstrap/cache/compiled.php(9529): Illuminate\Pipeline\Pipeline->Illuminate\Pipeline\{closure}()
#25 /var/www/cryptomedic/api/v1.0/bootstrap/cache/compiled.php(9529): call_user_func:{/var/www/cryptomedic/api/v1.0/bootstrap/cache/compiled.php:9529}()
#26 /var/www/cryptomedic/api/v1.0/bootstrap/cache/compiled.php(7450): Illuminate\Pipeline\Pipeline->then()
#27 /var/www/cryptomedic/api/v1.0/bootstrap/cache/compiled.php(7438): Illuminate\Routing\Router->runRouteWithinStack()
#28 /var/www/cryptomedic/api/v1.0/bootstrap/cache/compiled.php(7423): Illuminate\Routing\Router->dispatchToRoute()
#29 /var/www/cryptomedic/api/v1.0/bootstrap/cache/compiled.php(2303): Illuminate\Routing\Router->dispatch()
#30 /var/www/cryptomedic/api/v1.0/bootstrap/cache/compiled.php(9547): Illuminate\Foundation\Http\Kernel->Illuminate\Foundation\Http\{closure}()
#31 /var/www/cryptomedic/api/v1.0/bootstrap/cache/compiled.php(9547): call_user_func:{/var/www/cryptomedic/api/v1.0/bootstrap/cache/compiled.php:9547}()
#32 /var/www/cryptomedic/api/v1.0/bootstrap/cache/compiled.php(12867): Illuminate\Pipeline\Pipeline->Illuminate\Pipeline\{closure}()
#33 /var/www/cryptomedic/api/v1.0/bootstrap/cache/compiled.php(9539): Illuminate\View\Middleware\ShareErrorsFromSession->handle()
#34 /var/www/cryptomedic/api/v1.0/bootstrap/cache/compiled.php(9539): call_user_func_array:{/var/www/cryptomedic/api/v1.0/bootstrap/cache/compiled.php:9539}()
#35 /var/www/cryptomedic/api/v1.0/bootstrap/cache/compiled.php(11490): Illuminate\Pipeline\Pipeline->Illuminate\Pipeline\{closure}()
#36 /var/www/cryptomedic/api/v1.0/bootstrap/cache/compiled.php(9539): Illuminate\Session\Middleware\StartSession->handle()
#37 /var/www/cryptomedic/api/v1.0/bootstrap/cache/compiled.php(9539): call_user_func_array:{/var/www/cryptomedic/api/v1.0/bootstrap/cache/compiled.php:9539}()
#38 /var/www/cryptomedic/api/v1.0/bootstrap/cache/compiled.php(12608): Illuminate\Pipeline\Pipeline->Illuminate\Pipeline\{closure}()
#39 /var/www/cryptomedic/api/v1.0/bootstrap/cache/compiled.php(9539): Illuminate\Cookie\Middleware\AddQueuedCookiesToResponse->handle()
#40 /var/www/cryptomedic/api/v1.0/bootstrap/cache/compiled.php(9539): call_user_func_array:{/var/www/cryptomedic/api/v1.0/bootstrap/cache/compiled.php:9539}()
#41 /var/www/cryptomedic/api/v1.0/bootstrap/cache/compiled.php(12547): Illuminate\Pipeline\Pipeline->Illuminate\Pipeline\{closure}()
#42 /var/www/cryptomedic/api/v1.0/bootstrap/cache/compiled.php(9539): Illuminate\Cookie\Middleware\EncryptCookies->handle()
#43 /var/www/cryptomedic/api/v1.0/bootstrap/cache/compiled.php(9539): call_user_func_array:{/var/www/cryptomedic/api/v1.0/bootstrap/cache/compiled.php:9539}()
#44 /var/www/cryptomedic/api/v1.0/bootstrap/cache/compiled.php(9529): Illuminate\Pipeline\Pipeline->Illuminate\Pipeline\{closure}()
#45 /var/www/cryptomedic/api/v1.0/bootstrap/cache/compiled.php(9529): call_user_func:{/var/www/cryptomedic/api/v1.0/bootstrap/cache/compiled.php:9529}()
#46 /var/www/cryptomedic/api/v1.0/bootstrap/cache/compiled.php(2250): Illuminate\Pipeline\Pipeline->then()
#47 /var/www/cryptomedic/api/v1.0/bootstrap/cache/compiled.php(2233): Illuminate\Foundation\Http\Kernel->sendRequestThroughRouter()
#48 /var/www/cryptomedic/api/v1.0/public/index.php(54): Illuminate\Foundation\Http\Kernel->handle()
#49 /var/www/cryptomedic/api/v1.0/public/index.php(0): {main}()
#50 {main}  
